412  INFO  org.quartz.impl.StdSchedulerFactory: Using default implementation for ThreadExecutor
424  INFO  org.quartz.simpl.SimpleThreadPool: Job execution threads will use class loader of thread: main
449  INFO  o.quartz.core.SchedulerSignalerImpl: Initialized Scheduler Signaller of type: class org.quartz.core.SchedulerSignalerImpl
450  INFO  org.quartz.core.QuartzScheduler: Quartz Scheduler v.2.1.5 created.
452  INFO  org.quartz.simpl.RAMJobStore: RAMJobStore initialized.
453  INFO  org.quartz.core.QuartzScheduler: Scheduler meta-data: Quartz Scheduler (v2.1.5) 'DefaultQuartzScheduler' with instanceId 'NON_CLUSTERED'
  Scheduler class: 'org.quartz.core.QuartzScheduler' - running locally.
  NOT STARTED.
  Currently in standby mode.
  Number of jobs executed: 0
  Using thread pool 'org.quartz.simpl.SimpleThreadPool' - with 10 threads.
  Using job-store 'org.quartz.simpl.RAMJobStore' - which does not support persistence. and is not clustered.

453  INFO  org.quartz.impl.StdSchedulerFactory: Quartz scheduler 'DefaultQuartzScheduler' initialized from default resource file in Quartz package: 'quartz.properties'
453  INFO  org.quartz.impl.StdSchedulerFactory: Quartz scheduler version: 2.1.5
453  INFO  org.quartz.core.QuartzScheduler: Scheduler DefaultQuartzScheduler_$_NON_CLUSTERED started.
862  INFO  f.d.m.quartz.exemple1.HelloED: Hello Quartz!
863  INFO  f.d.m.quartz.exemple1.HelloED: I'm running !!!
863  INFO  f.d.m.quartz.exemple1.HelloED: 	- JobDetail 'group1.dummyJobName':  jobClass: 'fr.derruette.myweebapp2.quartz.exemple1.HelloED concurrentExectionDisallowed: false persistJobDataAfterExecution: false isDurable: false requestsRecovers: false
863  INFO  f.d.m.quartz.exemple1.HelloED: YES I'm find me
2855 INFO  f.d.m.quartz.exemple1.HelloED: Hello Quartz!
2856 INFO  f.d.m.quartz.exemple1.HelloED: I'm running !!!
2856 INFO  f.d.m.quartz.exemple1.HelloED: 	- JobDetail 'group1.dummyJobName':  jobClass: 'fr.derruette.myweebapp2.quartz.exemple1.HelloED concurrentExectionDisallowed: false persistJobDataAfterExecution: false isDurable: false requestsRecovers: false
2856 INFO  f.d.m.quartz.exemple1.HelloED: 	- JobDetail 'group1.dummyJobName':  jobClass: 'fr.derruette.myweebapp2.quartz.exemple1.HelloED concurrentExectionDisallowed: false persistJobDataAfterExecution: false isDurable: false requestsRecovers: false
2856 INFO  f.d.m.quartz.exemple1.HelloED: YES I'm find me
4855 INFO  f.d.m.quartz.exemple1.HelloED: Hello Quartz!
4856 INFO  f.d.m.quartz.exemple1.HelloED: I'm running !!!
4856 INFO  f.d.m.quartz.exemple1.HelloED: 	- JobDetail 'group1.dummyJobName':  jobClass: 'fr.derruette.myweebapp2.quartz.exemple1.HelloED concurrentExectionDisallowed: false persistJobDataAfterExecution: false isDurable: false requestsRecovers: false
4857 INFO  f.d.m.quartz.exemple1.HelloED: 	- JobDetail 'group1.dummyJobName':  jobClass: 'fr.derruette.myweebapp2.quartz.exemple1.HelloED concurrentExectionDisallowed: false persistJobDataAfterExecution: false isDurable: false requestsRecovers: false
4857 INFO  f.d.m.quartz.exemple1.HelloED: 	- JobDetail 'group1.dummyJobName':  jobClass: 'fr.derruette.myweebapp2.quartz.exemple1.HelloED concurrentExectionDisallowed: false persistJobDataAfterExecution: false isDurable: false requestsRecovers: false
4857 INFO  f.d.m.quartz.exemple1.HelloED: YES I'm find me
5457 INFO  f.d.m.q.e.SimpleTriggerExampleED: JobDetail 'group1.dummyJobName':  jobClass: 'fr.derruette.myweebapp2.quartz.exemple1.HelloED concurrentExectionDisallowed: false persistJobDataAfterExecution: false isDurable: false requestsRecovers: false1449418869542
5457 INFO  f.d.m.q.e.SimpleTriggerExampleED: JobDetail 'group1.dummyJobName':  jobClass: 'fr.derruette.myweebapp2.quartz.exemple1.HelloED concurrentExectionDisallowed: false persistJobDataAfterExecution: false isDurable: false requestsRecovers: false1449418869543
5457 INFO  f.d.m.q.e.SimpleTriggerExampleED: JobDetail 'group1.dummyJobName':  jobClass: 'fr.derruette.myweebapp2.quartz.exemple1.HelloED concurrentExectionDisallowed: false persistJobDataAfterExecution: false isDurable: false requestsRecovers: false1449418869544
6858 INFO  f.d.m.quartz.exemple1.HelloED: Hello Quartz!
6858 INFO  f.d.m.quartz.exemple1.HelloED: I'm running !!!
6858 INFO  f.d.m.quartz.exemple1.HelloED: 	- JobDetail 'group1.dummyJobName':  jobClass: 'fr.derruette.myweebapp2.quartz.exemple1.HelloED concurrentExectionDisallowed: false persistJobDataAfterExecution: false isDurable: false requestsRecovers: false
6858 INFO  f.d.m.quartz.exemple1.HelloED: 	- JobDetail 'group1.dummyJobName':  jobClass: 'fr.derruette.myweebapp2.quartz.exemple1.HelloED concurrentExectionDisallowed: false persistJobDataAfterExecution: false isDurable: false requestsRecovers: false
6859 INFO  f.d.m.quartz.exemple1.HelloED: 	- JobDetail 'group1.dummyJobName':  jobClass: 'fr.derruette.myweebapp2.quartz.exemple1.HelloED concurrentExectionDisallowed: false persistJobDataAfterExecution: false isDurable: false requestsRecovers: false
6859 INFO  f.d.m.quartz.exemple1.HelloED: 	- JobDetail 'group1.dummyJobName':  jobClass: 'fr.derruette.myweebapp2.quartz.exemple1.HelloED concurrentExectionDisallowed: false persistJobDataAfterExecution: false isDurable: false requestsRecovers: false
6859 INFO  f.d.m.quartz.exemple1.HelloED: YES I'm find me
8857 INFO  f.d.m.quartz.exemple1.HelloED: Hello Quartz!
8858 INFO  f.d.m.quartz.exemple1.HelloED: I'm running !!!
8859 INFO  f.d.m.quartz.exemple1.HelloED: 	- JobDetail 'group1.dummyJobName':  jobClass: 'fr.derruette.myweebapp2.quartz.exemple1.HelloED concurrentExectionDisallowed: false persistJobDataAfterExecution: false isDurable: false requestsRecovers: false
8859 INFO  f.d.m.quartz.exemple1.HelloED: 	- JobDetail 'group1.dummyJobName':  jobClass: 'fr.derruette.myweebapp2.quartz.exemple1.HelloED concurrentExectionDisallowed: false persistJobDataAfterExecution: false isDurable: false requestsRecovers: false
8860 INFO  f.d.m.quartz.exemple1.HelloED: 	- JobDetail 'group1.dummyJobName':  jobClass: 'fr.derruette.myweebapp2.quartz.exemple1.HelloED concurrentExectionDisallowed: false persistJobDataAfterExecution: false isDurable: false requestsRecovers: false
8860 INFO  f.d.m.quartz.exemple1.HelloED: 	- JobDetail 'group1.dummyJobName':  jobClass: 'fr.derruette.myweebapp2.quartz.exemple1.HelloED concurrentExectionDisallowed: false persistJobDataAfterExecution: false isDurable: false requestsRecovers: false
8861 INFO  f.d.m.quartz.exemple1.HelloED: 	- JobDetail 'group1.dummyJobName':  jobClass: 'fr.derruette.myweebapp2.quartz.exemple1.HelloED concurrentExectionDisallowed: false persistJobDataAfterExecution: false isDurable: false requestsRecovers: false
8861 INFO  f.d.m.quartz.exemple1.HelloED: YES I'm find me
10855 INFO  f.d.m.quartz.exemple1.HelloED: Hello Quartz!
10856 INFO  f.d.m.quartz.exemple1.HelloED: I'm running !!!
10856 INFO  f.d.m.quartz.exemple1.HelloED: 	- JobDetail 'group1.dummyJobName':  jobClass: 'fr.derruette.myweebapp2.quartz.exemple1.HelloED concurrentExectionDisallowed: false persistJobDataAfterExecution: false isDurable: false requestsRecovers: false
10856 INFO  f.d.m.quartz.exemple1.HelloED: 	- JobDetail 'group1.dummyJobName':  jobClass: 'fr.derruette.myweebapp2.quartz.exemple1.HelloED concurrentExectionDisallowed: false persistJobDataAfterExecution: false isDurable: false requestsRecovers: false
10856 INFO  f.d.m.quartz.exemple1.HelloED: 	- JobDetail 'group1.dummyJobName':  jobClass: 'fr.derruette.myweebapp2.quartz.exemple1.HelloED concurrentExectionDisallowed: false persistJobDataAfterExecution: false isDurable: false requestsRecovers: false
10856 INFO  f.d.m.quartz.exemple1.HelloED: 	- JobDetail 'group1.dummyJobName':  jobClass: 'fr.derruette.myweebapp2.quartz.exemple1.HelloED concurrentExectionDisallowed: false persistJobDataAfterExecution: false isDurable: false requestsRecovers: false
10856 INFO  f.d.m.quartz.exemple1.HelloED: 	- JobDetail 'group1.dummyJobName':  jobClass: 'fr.derruette.myweebapp2.quartz.exemple1.HelloED concurrentExectionDisallowed: false persistJobDataAfterExecution: false isDurable: false requestsRecovers: false
10857 INFO  f.d.m.quartz.exemple1.HelloED: 	- JobDetail 'group1.dummyJobName':  jobClass: 'fr.derruette.myweebapp2.quartz.exemple1.HelloED concurrentExectionDisallowed: false persistJobDataAfterExecution: false isDurable: false requestsRecovers: false
10857 INFO  f.d.m.quartz.exemple1.HelloED: YES I'm find me
12856 INFO  f.d.m.quartz.exemple1.HelloED: Hello Quartz!
12857 INFO  f.d.m.quartz.exemple1.HelloED: I'm running !!!
12858 INFO  f.d.m.quartz.exemple1.HelloED: 	- JobDetail 'group1.dummyJobName':  jobClass: 'fr.derruette.myweebapp2.quartz.exemple1.HelloED concurrentExectionDisallowed: false persistJobDataAfterExecution: false isDurable: false requestsRecovers: false
12859 INFO  f.d.m.quartz.exemple1.HelloED: 	- JobDetail 'group1.dummyJobName':  jobClass: 'fr.derruette.myweebapp2.quartz.exemple1.HelloED concurrentExectionDisallowed: false persistJobDataAfterExecution: false isDurable: false requestsRecovers: false
12859 INFO  f.d.m.quartz.exemple1.HelloED: 	- JobDetail 'group1.dummyJobName':  jobClass: 'fr.derruette.myweebapp2.quartz.exemple1.HelloED concurrentExectionDisallowed: false persistJobDataAfterExecution: false isDurable: false requestsRecovers: false
12860 INFO  f.d.m.quartz.exemple1.HelloED: 	- JobDetail 'group1.dummyJobName':  jobClass: 'fr.derruette.myweebapp2.quartz.exemple1.HelloED concurrentExectionDisallowed: false persistJobDataAfterExecution: false isDurable: false requestsRecovers: false
12860 INFO  f.d.m.quartz.exemple1.HelloED: 	- JobDetail 'group1.dummyJobName':  jobClass: 'fr.derruette.myweebapp2.quartz.exemple1.HelloED concurrentExectionDisallowed: false persistJobDataAfterExecution: false isDurable: false requestsRecovers: false
12861 INFO  f.d.m.quartz.exemple1.HelloED: 	- JobDetail 'group1.dummyJobName':  jobClass: 'fr.derruette.myweebapp2.quartz.exemple1.HelloED concurrentExectionDisallowed: false persistJobDataAfterExecution: false isDurable: false requestsRecovers: false
12861 INFO  f.d.m.quartz.exemple1.HelloED: 	- JobDetail 'group1.dummyJobName':  jobClass: 'fr.derruette.myweebapp2.quartz.exemple1.HelloED concurrentExectionDisallowed: false persistJobDataAfterExecution: false isDurable: false requestsRecovers: false
12862 INFO  f.d.m.quartz.exemple1.HelloED: YES I'm find me
14854 INFO  f.d.m.quartz.exemple1.HelloED: Hello Quartz!
14855 INFO  f.d.m.quartz.exemple1.HelloED: I'm running !!!
14855 INFO  f.d.m.quartz.exemple1.HelloED: 	- JobDetail 'group1.dummyJobName':  jobClass: 'fr.derruette.myweebapp2.quartz.exemple1.HelloED concurrentExectionDisallowed: false persistJobDataAfterExecution: false isDurable: false requestsRecovers: false
14855 INFO  f.d.m.quartz.exemple1.HelloED: 	- JobDetail 'group1.dummyJobName':  jobClass: 'fr.derruette.myweebapp2.quartz.exemple1.HelloED concurrentExectionDisallowed: false persistJobDataAfterExecution: false isDurable: false requestsRecovers: false
14855 INFO  f.d.m.quartz.exemple1.HelloED: 	- JobDetail 'group1.dummyJobName':  jobClass: 'fr.derruette.myweebapp2.quartz.exemple1.HelloED concurrentExectionDisallowed: false persistJobDataAfterExecution: false isDurable: false requestsRecovers: false
14856 INFO  f.d.m.quartz.exemple1.HelloED: 	- JobDetail 'group1.dummyJobName':  jobClass: 'fr.derruette.myweebapp2.quartz.exemple1.HelloED concurrentExectionDisallowed: false persistJobDataAfterExecution: false isDurable: false requestsRecovers: false
14856 INFO  f.d.m.quartz.exemple1.HelloED: 	- JobDetail 'group1.dummyJobName':  jobClass: 'fr.derruette.myweebapp2.quartz.exemple1.HelloED concurrentExectionDisallowed: false persistJobDataAfterExecution: false isDurable: false requestsRecovers: false
14856 INFO  f.d.m.quartz.exemple1.HelloED: 	- JobDetail 'group1.dummyJobName':  jobClass: 'fr.derruette.myweebapp2.quartz.exemple1.HelloED concurrentExectionDisallowed: false persistJobDataAfterExecution: false isDurable: false requestsRecovers: false
14856 INFO  f.d.m.quartz.exemple1.HelloED: 	- JobDetail 'group1.dummyJobName':  jobClass: 'fr.derruette.myweebapp2.quartz.exemple1.HelloED concurrentExectionDisallowed: false persistJobDataAfterExecution: false isDurable: false requestsRecovers: false
14856 INFO  f.d.m.quartz.exemple1.HelloED: 	- JobDetail 'group1.dummyJobName':  jobClass: 'fr.derruette.myweebapp2.quartz.exemple1.HelloED concurrentExectionDisallowed: false persistJobDataAfterExecution: false isDurable: false requestsRecovers: false
14856 INFO  f.d.m.quartz.exemple1.HelloED: YES I'm find me
15458 INFO  org.quartz.core.QuartzScheduler: Scheduler DefaultQuartzScheduler_$_NON_CLUSTERED shutting down.
15458 INFO  org.quartz.core.QuartzScheduler: Scheduler DefaultQuartzScheduler_$_NON_CLUSTERED paused.
15458 INFO  org.quartz.core.QuartzScheduler: Scheduler DefaultQuartzScheduler_$_NON_CLUSTERED shutdown complete.
15459 INFO  f.d.m.q.e.SimpleTriggerExampleED: finished
15863 INFO  f.d.m.quartz.exemple1.HelloED: I finished to run
17856 INFO  f.d.m.quartz.exemple1.HelloED: I finished to run
19858 INFO  f.d.m.quartz.exemple1.HelloED: I finished to run
21859 INFO  f.d.m.quartz.exemple1.HelloED: I finished to run
23863 INFO  f.d.m.quartz.exemple1.HelloED: I finished to run
25857 INFO  f.d.m.quartz.exemple1.HelloED: I finished to run
27863 INFO  f.d.m.quartz.exemple1.HelloED: I finished to run
29856 INFO  f.d.m.quartz.exemple1.HelloED: I finished to run
